ApiDemos/app/build/outputs/logs/manifest-merger-debug-report.txt
-- Merging decision tree log ---
manifest
ADDED from AndroidManifest.xml:22:1
	xmlns:android
		ADDED from AndroidManifest.xml:22:11
	package
		ADDED from AndroidManifest.xml:23:5
		INJECTED from AndroidManifest.xml:0:0
		INJECTED from AndroidManifest.xml:0:0
uses-permission#android.permission.READ_CONTACTS
ADDED from AndroidManifest.xml:25:5
	android:name
		ADDED from AndroidManifest.xml:25:22
uses-permission#android.permission.WRITE_CONTACTS
ADDED from AndroidManifest.xml:26:5
	android:name
		ADDED from AndroidManifest.xml:26:22
uses-permission#android.permission.VIBRATE
ADDED from AndroidManifest.xml:27:5
	android:name
		ADDED from AndroidManifest.xml:27:22
uses-permission#android.permission.ACCESS_COARSE_LOCATION
ADDED from AndroidManifest.xml:28:5
	android:name
		ADDED from AndroidManifest.xml:28:22
uses-permission#android.permission.INTERNET
ADDED from AndroidManifest.xml:29:5
	android:name
		ADDED from AndroidManifest.xml:29:22
uses-permission#android.permission.SET_WALLPAPER
ADDED from AndroidManifest.xml:30:5
	android:name
		ADDED from AndroidManifest.xml:30:22
uses-permission#android.permission.WRITE_EXTERNAL_STORAGE
ADDED from AndroidManifest.xml:31:5
	android:name
		ADDED from AndroidManifest.xml:31:22
uses-permission#android.permission.SEND_SMS
ADDED from AndroidManifest.xml:32:5
	android:name
		ADDED from AndroidManifest.xml:32:22
uses-permission#android.permission.RECEIVE_SMS
ADDED from AndroidManifest.xml:33:5
	android:name
		ADDED from AndroidManifest.xml:33:22
uses-permission#android.permission.RECEIVE_MMS
ADDED from AndroidManifest.xml:34:5
	android:name
		ADDED from AndroidManifest.xml:34:22
uses-permission#android.permission.WRITE_SMS
ADDED from AndroidManifest.xml:35:5
	android:name
		ADDED from AndroidManifest.xml:35:22
uses-permission#android.permission.READ_SMS
ADDED from AndroidManifest.xml:36:5
	android:name
		ADDED from AndroidManifest.xml:36:22
uses-permission#android.permission.NFC
ADDED from AndroidManifest.xml:37:5
	android:name
		ADDED from AndroidManifest.xml:37:22
uses-permission#android.permission.TRANSMIT_IR
ADDED from AndroidManifest.xml:38:5
	android:name
		ADDED from AndroidManifest.xml:38:22
uses-permission#android.permission.READ_PHONE_STATE
ADDED from AndroidManifest.xml:39:5
	android:name
		ADDED from AndroidManifest.xml:39:22
uses-permission#android.permission.RECORD_AUDIO
ADDED from AndroidManifest.xml:42:5
	android:name
		ADDED from AndroidManifest.xml:42:22
uses-permission#android.permission.CAMERA
ADDED from AndroidManifest.xml:46:5
	android:name
		ADDED from AndroidManifest.xml:46:22
uses-feature#android.hardware.camera
ADDED from AndroidManifest.xml:47:5
	android:name
		ADDED from AndroidManifest.xml:47:19
uses-feature#android.hardware.camera.autofocus
ADDED from AndroidManifest.xml:48:5
	android:required
		ADDED from AndroidManifest.xml:48:68
	android:name
		ADDED from AndroidManifest.xml:48:19
application
ADDED from AndroidManifest.xml:50:5
MERGED from com.android.support:support-v4:22.1.1:22:5
	android:supportsRtl
		ADDED from AndroidManifest.xml:54:13
	android:label
		ADDED from AndroidManifest.xml:51:13
	android:icon
		ADDED from AndroidManifest.xml:52:13
	android:hardwareAccelerated
		ADDED from AndroidManifest.xml:53:13
	android:name
		ADDED from AndroidManifest.xml:50:18
uses-library#com.example.will.never.exist
ADDED from AndroidManifest.xml:58:9
	android:required
		ADDED from AndroidManifest.xml:58:67
	android:name
		ADDED from AndroidManifest.xml:58:23
activity#com.example.android.apis.ApiDemos
ADDED from AndroidManifest.xml:60:9
	android:name
		ADDED from AndroidManifest.xml:60:19
intent-filter#android.intent.action.MAIN+android.intent.category.DEFAULT+android.intent.category.LAUNCHER
ADDED from AndroidManifest.xml:61:13
action#android.intent.action.MAIN
ADDED from AndroidManifest.xml:62:17
	android:name
		ADDED from AndroidManifest.xml:62:25
category#android.intent.category.DEFAULT
ADDED from AndroidManifest.xml:63:17
	android:name
		ADDED from AndroidManifest.xml:63:27
category#android.intent.category.LAUNCHER
ADDED from AndroidManifest.xml:64:17
	android:name
		ADDED from AndroidManifest.xml:64:27
activity#com.example.android.apis.app.HelloWorld
ADDED from AndroidManifest.xml:74:9
	android:label
		ADDED from AndroidManifest.xml:74:50
	android:name
		ADDED from AndroidManifest.xml:74:19
intent-filter#android.intent.action.MAIN+android.intent.category.SAMPLE_CODE
ADDED from AndroidManifest.xml:75:13
category#android.intent.category.SAMPLE_CODE
ADDED from AndroidManifest.xml:77:17
	android:name
		ADDED from AndroidManifest.xml:77:27
activity#com.example.android.apis.app.DialogActivity
ADDED from AndroidManifest.xml:81:9
	android:label
		ADDED from AndroidManifest.xml:82:17
	android:theme
		ADDED from AndroidManifest.xml:83:17
	android:name
		ADDED from AndroidManifest.xml:81:19
activity#com.example.android.apis.app.CustomDialogActivity
ADDED from AndroidManifest.xml:90:9
	android:label
		ADDED from AndroidManifest.xml:91:17
	android:theme
		ADDED from AndroidManifest.xml:92:17
	android:name
		ADDED from AndroidManifest.xml:90:19
activity#com.example.android.apis.app.OverscanActivity
ADDED from AndroidManifest.xml:99:9
	android:label
		ADDED from AndroidManifest.xml:100:17
	android:theme
		ADDED from AndroidManifest.xml:101:17
	android:enabled
		ADDED from AndroidManifest.xml:102:17
	android:name
		ADDED from AndroidManifest.xml:99:19
activity#com.example.android.apis.app.QuickContactsDemo
ADDED from AndroidManifest.xml:109:8
	android:label
		ADDED from AndroidManifest.xml:110:17
	android:name
		ADDED from AndroidManifest.xml:109:18
activity#com.example.android.apis.app.WallpaperActivity
ADDED from AndroidManifest.xml:117:9
	android:label
		ADDED from AndroidManifest.xml:118:17
	android:theme
		ADDED from AndroidManifest.xml:119:17
	android:name
		ADDED from AndroidManifest.xml:117:19
activity#com.example.android.apis.app.TranslucentActivity
ADDED from AndroidManifest.xml:126:9
	android:label
		ADDED from AndroidManifest.xml:127:17
	android:theme
		ADDED from AndroidManifest.xml:128:17
	android:name
		ADDED from AndroidManifest.xml:126:19
activity#com.example.android.apis.app.TranslucentBlurActivity
ADDED from AndroidManifest.xml:135:9
	android:label
		ADDED from AndroidManifest.xml:136:17
	android:theme
		ADDED from AndroidManifest.xml:137:17
	android:name
		ADDED from AndroidManifest.xml:135:19
activity#com.example.android.apis.app.Animation
ADDED from AndroidManifest.xml:144:9
	android:label
		ADDED from AndroidManifest.xml:144:49
	android:name
		ADDED from AndroidManifest.xml:144:19
activity#com.example.android.apis.app.SaveRestoreState
ADDED from AndroidManifest.xml:151:9
	android:windowSoftInputMode
		ADDED from AndroidManifest.xml:153:17
	android:label
		ADDED from AndroidManifest.xml:152:17
	android:name
		ADDED from AndroidManifest.xml:151:19
activity#com.example.android.apis.app.PersistentState
ADDED from AndroidManifest.xml:160:9
	android:windowSoftInputMode
		ADDED from AndroidManifest.xml:162:17
	android:label
		ADDED from AndroidManifest.xml:161:17
	android:name
		ADDED from AndroidManifest.xml:160:19
activity#com.example.android.apis.app.ActivityRecreate
ADDED from AndroidManifest.xml:169:9
	android:label
		ADDED from AndroidManifest.xml:170:17
	android:enabled
		ADDED from AndroidManifest.xml:171:17
	android:name
		ADDED from AndroidManifest.xml:169:19
activity#com.example.android.apis.app.FinishAffinity
ADDED from AndroidManifest.xml:178:9
	android:label
		ADDED from AndroidManifest.xml:179:17
	android:enabled
		ADDED from AndroidManifest.xml:181:17
	android:taskAffinity
		ADDED from AndroidManifest.xml:180:17
	android:name
		ADDED from AndroidManifest.xml:178:19
activity#com.example.android.apis.app.SoftInputModes
ADDED from AndroidManifest.xml:188:9
	android:label
		ADDED from AndroidManifest.xml:189:17
	android:name
		ADDED from AndroidManifest.xml:188:19
activity#com.example.android.apis.app.ReceiveResult
ADDED from AndroidManifest.xml:196:9
	android:label
		ADDED from AndroidManifest.xml:196:53
	android:name
		ADDED from AndroidManifest.xml:196:19
activity#com.example.android.apis.app.SendResult
ADDED from AndroidManifest.xml:203:9
	android:theme
		ADDED from AndroidManifest.xml:204:17
	android:name
		ADDED from AndroidManifest.xml:203:19
activity#com.example.android.apis.app.Forwarding
ADDED from AndroidManifest.xml:207:9
	android:label
		ADDED from AndroidManifest.xml:207:50
	android:name
		ADDED from AndroidManifest.xml:207:19
activity#com.example.android.apis.app.ForwardTarget
ADDED from AndroidManifest.xml:214:9
	android:name
		ADDED from AndroidManifest.xml:214:19
activity#com.example.android.apis.app.RedirectEnter
ADDED from AndroidManifest.xml:217:9
	android:label
		ADDED from AndroidManifest.xml:217:53
	android:name
		ADDED from AndroidManifest.xml:217:19
activity#com.example.android.apis.app.RedirectMain
ADDED from AndroidManifest.xml:224:9
	android:name
		ADDED from AndroidManifest.xml:224:19
activity#com.example.android.apis.app.RedirectGetter
ADDED from AndroidManifest.xml:227:9
	android:name
		ADDED from AndroidManifest.xml:227:19
activity#com.example.android.apis.app.CustomTitle
ADDED from AndroidManifest.xml:232:9
	android:windowSoftInputMode
		ADDED from AndroidManifest.xml:234:17
	android:label
		ADDED from AndroidManifest.xml:233:17
	android:theme
		ADDED from AndroidManifest.xml:235:17
	android:name
		ADDED from AndroidManifest.xml:232:19
activity#com.example.android.apis.app.ReorderOnLaunch
ADDED from AndroidManifest.xml:242:9
	android:label
		ADDED from AndroidManifest.xml:243:17
	android:name
		ADDED from AndroidManifest.xml:242:19
activity#com.example.android.apis.app.RotationAnimation
ADDED from AndroidManifest.xml:250:9
	android:label
		ADDED from AndroidManifest.xml:251:17
	android:name
		ADDED from AndroidManifest.xml:250:19
activity#com.example.android.apis.app.ReorderTwo
ADDED from AndroidManifest.xml:258:9
	android:name
		ADDED from AndroidManifest.xml:258:19
activity#com.example.android.apis.app.ReorderThree
ADDED from AndroidManifest.xml:259:9
	android:name
		ADDED from AndroidManifest.xml:259:19
activity#com.example.android.apis.app.ReorderFour
ADDED from AndroidManifest.xml:260:9
	android:name
		ADDED from AndroidManifest.xml:260:19
activity#com.example.android.apis.app.SetWallpaperActivity
ADDED from AndroidManifest.xml:262:9
	android:label
		ADDED from AndroidManifest.xml:263:19
	android:name
		ADDED from AndroidManifest.xml:262:19
activity#com.example.android.apis.app.ScreenOrientation
ADDED from AndroidManifest.xml:270:9
	android:label
		ADDED from AndroidManifest.xml:271:19
	android:name
		ADDED from AndroidManifest.xml:270:19
activity#com.example.android.apis.app.PresentationActivity
ADDED from AndroidManifest.xml:278:9
	android:label
		ADDED from AndroidManifest.xml:279:17
	android:name
		ADDED from AndroidManifest.xml:278:19
activity#com.example.android.apis.app.PresentationWithMediaRouterActivity
ADDED from AndroidManifest.xml:286:9
	android:label
		ADDED from AndroidManifest.xml:287:17
	android:name
		ADDED from AndroidManifest.xml:286:19
activity#com.example.android.apis.app.SecureWindowActivity
ADDED from AndroidManifest.xml:294:9
	android:label
		ADDED from AndroidManifest.xml:295:17
	android:name
		ADDED from AndroidManifest.xml:294:19
activity#com.example.android.apis.app.SecureDialogActivity
ADDED from AndroidManifest.xml:302:9
	android:label
		ADDED from AndroidManifest.xml:303:17
	android:name
		ADDED from AndroidManifest.xml:302:19
activity#com.example.android.apis.app.SecureSurfaceViewActivity
ADDED from AndroidManifest.xml:310:9
	android:label
		ADDED from AndroidManifest.xml:311:17
	android:name
		ADDED from AndroidManifest.xml:310:19
activity#com.example.android.apis.app.FragmentAlertDialog
ADDED from AndroidManifest.xml:320:9
	android:label
		ADDED from AndroidManifest.xml:321:17
	android:enabled
		ADDED from AndroidManifest.xml:322:17
	android:name
		ADDED from AndroidManifest.xml:320:19
activity#com.example.android.apis.app.FragmentArguments
ADDED from AndroidManifest.xml:329:9
	android:label
		ADDED from AndroidManifest.xml:330:17
	android:enabled
		ADDED from AndroidManifest.xml:331:17
	android:name
		ADDED from AndroidManifest.xml:329:19
activity#com.example.android.apis.app.FragmentCustomAnimations
ADDED from AndroidManifest.xml:338:9
	android:label
		ADDED from AndroidManifest.xml:339:17
	android:enabled
		ADDED from AndroidManifest.xml:340:17
	android:name
		ADDED from AndroidManifest.xml:338:19
activity#com.example.android.apis.app.FragmentHideShow
ADDED from AndroidManifest.xml:347:9
	android:windowSoftInputMode
		ADDED from AndroidManifest.xml:349:17
	android:label
		ADDED from AndroidManifest.xml:348:17
	android:enabled
		ADDED from AndroidManifest.xml:350:17
	android:name
		ADDED from AndroidManifest.xml:347:19
activity#com.example.android.apis.app.FragmentContextMenu
ADDED from AndroidManifest.xml:357:9
	android:label
		ADDED from AndroidManifest.xml:358:17
	android:enabled
		ADDED from AndroidManifest.xml:359:17
	android:name
		ADDED from AndroidManifest.xml:357:19
activity#com.example.android.apis.app.FragmentDialog
ADDED from AndroidManifest.xml:366:9
	android:label
		ADDED from AndroidManifest.xml:367:17
	android:enabled
		ADDED from AndroidManifest.xml:368:17
	android:name
		ADDED from AndroidManifest.xml:366:19
activity#com.example.android.apis.app.FragmentDialogOrActivity
ADDED from AndroidManifest.xml:375:9
	android:label
		ADDED from AndroidManifest.xml:376:17
	android:enabled
		ADDED from AndroidManifest.xml:377:17
	android:name
		ADDED from AndroidManifest.xml:375:19
activity#com.example.android.apis.app.FragmentLayout
ADDED from AndroidManifest.xml:384:9
	android:label
		ADDED from AndroidManifest.xml:385:17
	android:enabled
		ADDED from AndroidManifest.xml:386:17
	android:name
		ADDED from AndroidManifest.xml:384:19
activity#com.example.android.apis.app.FragmentLayout$DetailsActivity
ADDED from AndroidManifest.xml:393:9
	android:enabled
		ADDED from AndroidManifest.xml:394:17
	android:name
		ADDED from AndroidManifest.xml:393:19
activity#com.example.android.apis.app.FragmentListArray
ADDED from AndroidManifest.xml:396:9
	android:label
		ADDED from AndroidManifest.xml:397:17
	android:enabled
		ADDED from AndroidManifest.xml:398:17
	android:name
		ADDED from AndroidManifest.xml:396:19
activity#com.example.android.apis.app.FragmentMenu
ADDED from AndroidManifest.xml:405:9
	android:label
		ADDED from AndroidManifest.xml:406:17
	android:enabled
		ADDED from AndroidManifest.xml:407:17
	android:name
		ADDED from AndroidManifest.xml:405:19
activity#com.example.android.apis.app.FragmentNestingTabs
ADDED from AndroidManifest.xml:414:9
	android:label
		ADDED from AndroidManifest.xml:415:17
	android:enabled
		ADDED from AndroidManifest.xml:416:17
	android:name
		ADDED from AndroidManifest.xml:414:19
activity#com.example.android.apis.app.FragmentRetainInstance
ADDED from AndroidManifest.xml:423:9
	android:label
		ADDED from AndroidManifest.xml:424:17
	android:enabled
		ADDED from AndroidManifest.xml:425:17
	android:name
		ADDED from AndroidManifest.xml:423:19
activity#com.example.android.apis.app.FragmentReceiveResult
ADDED from AndroidManifest.xml:432:9
	android:label
		ADDED from AndroidManifest.xml:433:17
	android:enabled
		ADDED from AndroidManifest.xml:434:17
	android:name
		ADDED from AndroidManifest.xml:432:19
activity#com.example.android.apis.app.FragmentStack
ADDED from AndroidManifest.xml:441:9
	android:label
		ADDED from AndroidManifest.xml:442:17
	android:enabled
		ADDED from AndroidManifest.xml:443:17
	android:name
		ADDED from AndroidManifest.xml:441:19
activity#com.example.android.apis.app.FragmentTabs
ADDED from AndroidManifest.xml:450:9
	android:label
		ADDED from AndroidManifest.xml:451:17
	android:enabled
		ADDED from AndroidManifest.xml:452:17
	android:name
		ADDED from AndroidManifest.xml:450:19
activity#com.example.android.apis.app.LoaderCursor
ADDED from AndroidManifest.xml:461:9
	android:label
		ADDED from AndroidManifest.xml:462:17
	android:enabled
		ADDED from AndroidManifest.xml:463:17
	android:name
		ADDED from AndroidManifest.xml:461:19
activity#com.example.android.apis.app.LoaderCustom
ADDED from AndroidManifest.xml:470:9
	android:label
		ADDED from AndroidManifest.xml:471:17
	android:enabled
		ADDED from AndroidManifest.xml:472:17
	android:name
		ADDED from AndroidManifest.xml:470:19
activity#com.example.android.apis.app.LoaderThrottle
ADDED from AndroidManifest.xml:480:9
	android:label
		ADDED from AndroidManifest.xml:481:17
	android:enabled
		ADDED from AndroidManifest.xml:482:17
	android:name
		ADDED from AndroidManifest.xml:480:19
provider#com.example.android.apis.app.LoaderThrottle$SimpleProvider
ADDED from AndroidManifest.xml:488:9
	android:authorities
		ADDED from AndroidManifest.xml:489:19
	android:enabled
		ADDED from AndroidManifest.xml:490:19
	android:name
		ADDED from AndroidManifest.xml:488:19
activity#com.example.android.apis.app.LoaderRetained
ADDED from AndroidManifest.xml:493:9
	android:label
		ADDED from AndroidManifest.xml:494:17
	android:enabled
		ADDED from AndroidManifest.xml:495:17
	android:name
		ADDED from AndroidManifest.xml:493:19
activity#com.example.android.apis.app.Intents
ADDED from AndroidManifest.xml:504:9
	android:label
		ADDED from AndroidManifest.xml:504:47
	android:name
		ADDED from AndroidManifest.xml:504:19
activity#com.example.android.apis.app.IntentActivityFlags
ADDED from AndroidManifest.xml:511:9
	android:label
		ADDED from AndroidManifest.xml:512:17
	android:name
		ADDED from AndroidManifest.xml:511:19
service#com.example.android.apis.app.LocalService
ADDED from AndroidManifest.xml:521:9
	android:stopWithTask
		ADDED from AndroidManifest.xml:521:51
	android:name
		ADDED from AndroidManifest.xml:521:18
activity#com.example.android.apis.app.LocalServiceActivities$Controller
ADDED from AndroidManifest.xml:523:9
	android:label
		ADDED from AndroidManifest.xml:524:17
	android:name
		ADDED from AndroidManifest.xml:523:19
	android:launchMode
		ADDED from AndroidManifest.xml:525:17
activity#com.example.android.apis.app.LocalServiceActivities$Binding
ADDED from AndroidManifest.xml:532:9
	android:label
		ADDED from AndroidManifest.xml:533:17
	android:name
		ADDED from AndroidManifest.xml:532:19
service#com.example.android.apis.app.MessengerService
ADDED from AndroidManifest.xml:541:9
	android:process
		ADDED from AndroidManifest.xml:542:17
	android:name
		ADDED from AndroidManifest.xml:541:18
activity#com.example.android.apis.app.MessengerServiceActivities$Binding
ADDED from AndroidManifest.xml:545:9
	android:label
		ADDED from AndroidManifest.xml:546:17
	android:name
		ADDED from AndroidManifest.xml:545:19
service#com.example.android.apis.app.RemoteService
ADDED from AndroidManifest.xml:553:9
	android:process
		ADDED from AndroidManifest.xml:553:52
	android:name
		ADDED from AndroidManifest.xml:553:18
intent-filter#com.example.android.apis.app.IRemoteService+com.example.android.apis.app.ISecondary+com.example.android.apis.app.REMOTE_SERVICE
ADDED from AndroidManifest.xml:554:13
action#com.example.android.apis.app.IRemoteService
ADDED from AndroidManifest.xml:557:17
	android:name
		ADDED from AndroidManifest.xml:557:25
action#com.example.android.apis.app.ISecondary
ADDED from AndroidManifest.xml:558:17
	android:name
		ADDED from AndroidManifest.xml:558:25
action#com.example.android.apis.app.REMOTE_SERVICE
ADDED from AndroidManifest.xml:561:17
	android:name
		ADDED from AndroidManifest.xml:561:25
activity#com.example.android.apis.app.RemoteService$Controller
ADDED from AndroidManifest.xml:565:9
	android:label
		ADDED from AndroidManifest.xml:566:17
	android:name
		ADDED from AndroidManifest.xml:565:19
	android:launchMode
		ADDED from AndroidManifest.xml:567:17
activity#com.example.android.apis.app.RemoteService$Binding
ADDED from AndroidManifest.xml:574:9
	android:label
		ADDED from AndroidManifest.xml:575:17
	android:name
		ADDED from AndroidManifest.xml:574:19
activity#com.example.android.apis.app.RemoteService$BindingOptions
ADDED from AndroidManifest.xml:582:9
	android:label
		ADDED from AndroidManifest.xml:583:17
	android:name
		ADDED from AndroidManifest.xml:582:19
service#com.example.android.apis.app.ServiceStartArguments
ADDED from AndroidManifest.xml:590:9
	android:name
		ADDED from AndroidManifest.xml:590:18
activity#com.example.android.apis.app.ServiceStartArguments$Controller
ADDED from AndroidManifest.xml:592:9
	android:label
		ADDED from AndroidManifest.xml:593:17
	android:name
		ADDED from AndroidManifest.xml:592:19
	android:launchMode
		ADDED from AndroidManifest.xml:594:17
service#com.example.android.apis.app.ForegroundService
ADDED from AndroidManifest.xml:601:9
	android:name
		ADDED from AndroidManifest.xml:601:18
activity#com.example.android.apis.app.ForegroundService$Controller
ADDED from AndroidManifest.xml:603:9
	android:label
		ADDED from AndroidManifest.xml:604:17
	android:name
		ADDED from AndroidManifest.xml:603:19
	android:launchMode
		ADDED from AndroidManifest.xml:605:17
activity#com.example.android.apis.app.IsolatedService$Controller
ADDED from AndroidManifest.xml:612:9
	android:label
		ADDED from AndroidManifest.xml:613:17
	android:enabled
		ADDED from AndroidManifest.xml:615:17
	android:name
		ADDED from AndroidManifest.xml:612:19
	android:launchMode
		ADDED from AndroidManifest.xml:614:17
service#com.example.android.apis.app.IsolatedService
ADDED from AndroidManifest.xml:622:9
	android:isolatedProcess
		ADDED from AndroidManifest.xml:622:54
	android:enabled
		ADDED from AndroidManifest.xml:623:17
	android:name
		ADDED from AndroidManifest.xml:622:18
service#com.example.android.apis.app.IsolatedService2
ADDED from AndroidManifest.xml:624:9
	android:isolatedProcess
		ADDED from AndroidManifest.xml:624:55
	android:enabled
		ADDED from AndroidManifest.xml:625:17
	android:name
		ADDED from AndroidManifest.xml:624:18
receiver#com.example.android.apis.app.OneShotAlarm
ADDED from AndroidManifest.xml:629:9
	android:process
		ADDED from AndroidManifest.xml:629:52
	android:name
		ADDED from AndroidManifest.xml:629:19
receiver#com.example.android.apis.app.RepeatingAlarm
ADDED from AndroidManifest.xml:631:9
	android:process
		ADDED from AndroidManifest.xml:631:54
	android:name
		ADDED from AndroidManifest.xml:631:19
activity#com.example.android.apis.app.AlarmController
ADDED from AndroidManifest.xml:633:9
	android:label
		ADDED from AndroidManifest.xml:633:55
	android:name
		ADDED from AndroidManifest.xml:633:19
service#com.example.android.apis.app.AlarmService_Service
ADDED from AndroidManifest.xml:640:9
	android:process
		ADDED from AndroidManifest.xml:640:59
	android:name
		ADDED from AndroidManifest.xml:640:18
activity#com.example.android.apis.app.AlarmService
ADDED from AndroidManifest.xml:642:9
	android:label
		ADDED from AndroidManifest.xml:642:52
	android:name
		ADDED from AndroidManifest.xml:642:19
receiver#com.example.android.apis.app.DoNothing
ADDED from AndroidManifest.xml:651:9
	android:process
		ADDED from AndroidManifest.xml:652:17
	android:exported
		ADDED from AndroidManifest.xml:652:42
	android:name
		ADDED from AndroidManifest.xml:651:19
activity#com.example.android.apis.accessibility.ClockBackActivity
ADDED from AndroidManifest.xml:658:9
	android:label
		ADDED from AndroidManifest.xml:659:13
	android:name
		ADDED from AndroidManifest.xml:658:19
service#com.example.android.apis.accessibility.ClockBackService
ADDED from AndroidManifest.xml:666:9
	android:label
		ADDED from AndroidManifest.xml:667:13
	android:permission
		ADDED from AndroidManifest.xml:668:13
	android:name
		ADDED from AndroidManifest.xml:666:18
intent-filter#android.accessibilityservice.AccessibilityService
ADDED from AndroidManifest.xml:669:13
action#android.accessibilityservice.AccessibilityService
ADDED from AndroidManifest.xml:670:17
	android:name
		ADDED from AndroidManifest.xml:670:25
activity#com.example.android.apis.accessibility.TaskListActivity
ADDED from AndroidManifest.xml:674:9
	android:label
		ADDED from AndroidManifest.xml:675:19
	android:enabled
		ADDED from AndroidManifest.xml:676:19
	android:name
		ADDED from AndroidManifest.xml:674:19
service#com.example.android.apis.accessibility.TaskBackService
ADDED from AndroidManifest.xml:683:9
	android:label
		ADDED from AndroidManifest.xml:684:18
	android:enabled
		ADDED from AndroidManifest.xml:685:18
	android:permission
		ADDED from AndroidManifest.xml:686:18
	android:name
		ADDED from AndroidManifest.xml:683:18
meta-data#android.accessibilityservice
ADDED from AndroidManifest.xml:690:13
	android:resource
		ADDED from AndroidManifest.xml:692:17
	android:name
		ADDED from AndroidManifest.xml:691:17
activity#com.example.android.apis.accessibility.CustomViewAccessibilityActivity
ADDED from AndroidManifest.xml:695:9
	android:label
		ADDED from AndroidManifest.xml:696:19
	android:enabled
		ADDED from AndroidManifest.xml:697:19
	android:name
		ADDED from AndroidManifest.xml:695:19
activity#com.example.android.apis.app.LocalSample
ADDED from AndroidManifest.xml:706:9
	android:label
		ADDED from AndroidManifest.xml:706:51
	android:name
		ADDED from AndroidManifest.xml:706:19
intent-filter#android.intent.action.MAIN
ADDED from AndroidManifest.xml:707:13
activity#com.example.android.apis.app.ContactsFilter
ADDED from AndroidManifest.xml:713:9
	android:label
		ADDED from AndroidManifest.xml:713:54
	android:name
		ADDED from AndroidManifest.xml:713:19
activity#com.example.android.apis.app.NotifyWithText
ADDED from AndroidManifest.xml:723:9
	android:label
		ADDED from AndroidManifest.xml:723:54
	android:name
		ADDED from AndroidManifest.xml:723:19
activity#com.example.android.apis.app.IncomingMessage
ADDED from AndroidManifest.xml:730:9
	android:label
		ADDED from AndroidManifest.xml:731:17
	android:name
		ADDED from AndroidManifest.xml:730:19
activity#com.example.android.apis.app.IncomingMessageView
ADDED from AndroidManifest.xml:738:9
	android:label
		ADDED from AndroidManifest.xml:739:17
	android:name
		ADDED from AndroidManifest.xml:738:19
activity#com.example.android.apis.app.IncomingMessageInterstitial
ADDED from AndroidManifest.xml:743:9
	android:label
		ADDED from AndroidManifest.xml:744:17
	android:theme
		ADDED from AndroidManifest.xml:745:17
	android:excludeFromRecents
		ADDED from AndroidManifest.xml:748:17
	android:taskAffinity
		ADDED from AndroidManifest.xml:747:17
	android:name
		ADDED from AndroidManifest.xml:743:19
	android:launchMode
		ADDED from AndroidManifest.xml:746:17
activity#com.example.android.apis.app.NotificationDisplay
ADDED from AndroidManifest.xml:756:9
	android:noHistory
		ADDED from AndroidManifest.xml:760:17
	android:theme
		ADDED from AndroidManifest.xml:757:17
	android:excludeFromRecents
		ADDED from AndroidManifest.xml:759:17
	android:taskAffinity
		ADDED from AndroidManifest.xml:758:17
	android:name
		ADDED from AndroidManifest.xml:756:19
activity#com.example.android.apis.app.StatusBarNotifications
ADDED from AndroidManifest.xml:763:9
	android:label
		ADDED from AndroidManifest.xml:764:17
	android:name
		ADDED from AndroidManifest.xml:763:19
	android:launchMode
		ADDED from AndroidManifest.xml:765:17
service#com.example.android.apis.app.NotifyingService
ADDED from AndroidManifest.xml:772:9
	android:name
		ADDED from AndroidManifest.xml:772:18
activity#com.example.android.apis.app.NotifyingController
ADDED from AndroidManifest.xml:774:9
	android:label
		ADDED from AndroidManifest.xml:774:59
	android:name
		ADDED from AndroidManifest.xml:774:19
activity#com.example.android.apis.app.AlertDialogSamples
ADDED from AndroidManifest.xml:782:9
	android:label
		ADDED from AndroidManifest.xml:782:58
	android:name
		ADDED from AndroidManifest.xml:782:19
activity#com.example.android.apis.app.SearchInvoke
ADDED from AndroidManifest.xml:796:9
	android:label
		ADDED from AndroidManifest.xml:797:19
	android:name
		ADDED from AndroidManifest.xml:796:19
meta-data#android.app.default_searchable
ADDED from AndroidManifest.xml:805:13
	android:name
		ADDED from AndroidManifest.xml:805:24
	android:value
		ADDED from AndroidManifest.xml:806:24
activity#com.example.android.apis.app.SearchQueryResults
ADDED from AndroidManifest.xml:820:9
	android:label
		ADDED from AndroidManifest.xml:821:19
	android:name
		ADDED from AndroidManifest.xml:820:19
intent-filter#android.intent.action.SEARCH+android.intent.category.DEFAULT
ADDED from AndroidManifest.xml:829:13
action#android.intent.action.SEARCH
ADDED from AndroidManifest.xml:830:17
	android:name
		ADDED from AndroidManifest.xml:830:25
meta-data#android.app.searchable
ADDED from AndroidManifest.xml:837:13
	android:resource
		ADDED from AndroidManifest.xml:838:24
	android:name
		ADDED from AndroidManifest.xml:837:24
provider#com.example.android.apis.app.SearchSuggestionSampleProvider
ADDED from AndroidManifest.xml:844:9
	android:authorities
		ADDED from AndroidManifest.xml:845:19
	android:name
		ADDED from AndroidManifest.xml:844:19
activity#com.example.android.apis.app.LauncherShortcuts
ADDED from AndroidManifest.xml:870:9
	android:label
		ADDED from AndroidManifest.xml:871:19
	android:name
		ADDED from AndroidManifest.xml:870:19
activity-alias#com.example.android.apis.app.CreateShortcuts
ADDED from AndroidManifest.xml:883:9
	android:label
		ADDED from AndroidManifest.xml:885:13
	android:targetActivity
		ADDED from AndroidManifest.xml:884:13
	android:name
		ADDED from AndroidManifest.xml:883:25
intent-filter#android.intent.action.CREATE_SHORTCUT+android.intent.category.DEFAULT
ADDED from AndroidManifest.xml:888:13
action#android.intent.action.CREATE_SHORTCUT
ADDED from AndroidManifest.xml:889:17
	android:name
		ADDED from AndroidManifest.xml:889:25
activity#com.example.android.apis.app.MenuInflateFromXml
ADDED from AndroidManifest.xml:897:9
	android:label
		ADDED from AndroidManifest.xml:897:58
	android:name
		ADDED from AndroidManifest.xml:897:19
activity#com.example.android.apis.app.DeviceAdminSample
ADDED from AndroidManifest.xml:906:9
	android:label